<?xml version="1.0" encoding="UTF-8"?>
<!-- Generated by org.testng.reporters.JUnitXMLReporter -->
<testsuite ignored="0" hostname="user-Latitude-3440" failures="1" tests="8" name="Login" time="58.137" errors="0" timestamp="2025-07-23T13:07:40 IST">
  <testcase classname="testCases.TC_ContactUs" name="Tc_contactus" time="1.402"/>
  <testcase classname="testCases.TC_ContactUs" name="Tc_contactus" time="1.432"/>
  <testcase classname="testCases.TC_ContactUs" name="Tc_contactus" time="1.432"/>
  <testcase classname="testCases.TC_ContactUs" name="Tc_contactus" time="1.369"/>
  <testcase classname="testCases.TC_003_LoginDDT" name="test_LoginDDT" time="11.598">
    <failure type="java.lang.AssertionError">
      <![CDATA[java.lang.AssertionError: 
at testCases.TC_003_LoginDDT.test_LoginDDT(TC_003_LoginDDT.java:65)
at java.base/java.util.ArrayList.forEach(ArrayList.java:1541)
... Removed 30 stack frames]]>
    </failure>
  </testcase> <!-- test_LoginDDT -->
  <testcase classname="testCases.TC_003_LoginDDT" name="test_LoginDDT" time="11.626"/>
  <testcase classname="testCases.TC_003_LoginDDT" name="test_LoginDDT" time="11.785"/>
  <testcase classname="testCases.TC_003_LoginDDT" name="test_LoginDDT" time="11.619"/>
</testsuite> <!-- Login -->
